<?xml version="1.0" encoding="UTF-8"?>
<!-- Generated by org.testng.reporters.JUnitReportReporter -->
<testsuite hostname="Angelinos-MacBook-Pro.local" name="TimelogComparison.CompareDailyReportsOfAllUsers" tests="1" failures="0" timestamp="17 Dec 2018 09:01:58 GMT" time="212.462" errors="0">
  <testcase name="CompareWorkLogByDay" time="212.462" classname="TimelogComparison.CompareDailyReportsOfAllUsers"/>
</testsuite> <!-- TimelogComparison.CompareDailyReportsOfAllUsers -->
